\BOOKMARK [1][-]{section.1}{Einleitung}{}% 1
\BOOKMARK [1][-]{section.2}{Anforderungen}{}% 2
\BOOKMARK [2][-]{subsection.2.1}{Infrastruktur}{section.2}% 3
\BOOKMARK [2][-]{subsection.2.2}{Programmiersprache}{section.2}% 4
\BOOKMARK [2][-]{subsection.2.3}{Dokumentation}{section.2}% 5
\BOOKMARK [2][-]{subsection.2.4}{Pr\344sentation}{section.2}% 6
\BOOKMARK [1][-]{section.3}{Theoretischer Hintergrund}{}% 7
\BOOKMARK [2][-]{subsection.3.1}{Verallgemeinerung}{section.3}% 8
\BOOKMARK [2][-]{subsection.3.2}{Lexikalische Analyse}{section.3}% 9
\BOOKMARK [2][-]{subsection.3.3}{Syntaktische Analyse}{section.3}% 10
\BOOKMARK [2][-]{subsection.3.4}{Syntaxgesteuerte \334bersetzung}{section.3}% 11
\BOOKMARK [1][-]{section.4}{Konzeption der Entwicklung}{}% 12
\BOOKMARK [2][-]{subsection.4.1}{Allgemeiner Grundsatz}{section.4}% 13
\BOOKMARK [2][-]{subsection.4.2}{Wahl der Entwicklungswerkzeuge}{section.4}% 14
\BOOKMARK [2][-]{subsection.4.3}{Sprachdesign}{section.4}% 15
\BOOKMARK [2][-]{subsection.4.4}{Implementierung}{section.4}% 16
\BOOKMARK [1][-]{section.5}{Verwendete Technologien}{}% 17
\BOOKMARK [2][-]{subsection.5.1}{Eclipse}{section.5}% 18
\BOOKMARK [2][-]{subsection.5.2}{TestNG}{section.5}% 19
\BOOKMARK [2][-]{subsection.5.3}{ANTLR}{section.5}% 20
\BOOKMARK [2][-]{subsection.5.4}{Jasmin}{section.5}% 21
\BOOKMARK [2][-]{subsection.5.5}{Java}{section.5}% 22
\BOOKMARK [2][-]{subsection.5.6}{Java Virtual Machine}{section.5}% 23
\BOOKMARK [1][-]{section.6}{Vorgehen w\344hrend der Entwicklung}{}% 24
\BOOKMARK [2][-]{subsection.6.1}{Erste Schritte: Auswertung von artihmetischen Ausdr\374cken}{section.6}% 25
\BOOKMARK [2][-]{subsection.6.2}{Ausweiten der simplen Grammatik}{section.6}% 26
\BOOKMARK [2][-]{subsection.6.3}{Implementierung von Variablen}{section.6}% 27
\BOOKMARK [2][-]{subsection.6.4}{Implementierung von Funktionen}{section.6}% 28
\BOOKMARK [2][-]{subsection.6.5}{Implementierung von Konstanten}{section.6}% 29
\BOOKMARK [2][-]{subsection.6.6}{Implementierung von Bedingten Verzweigungen}{section.6}% 30
\BOOKMARK [2][-]{subsection.6.7}{Implementierung einer Schleife}{section.6}% 31
\BOOKMARK [1][-]{section.7}{Aufgetrene Probleme und deren L\366sung}{}% 32
\BOOKMARK [2][-]{subsection.7.1}{Operatorenpriorit\344t bei arithmetischen Ausdr\374cken}{section.7}% 33
\BOOKMARK [2][-]{subsection.7.2}{Variablen}{section.7}% 34
\BOOKMARK [2][-]{subsection.7.3}{Funktionen}{section.7}% 35
\BOOKMARK [2][-]{subsection.7.4}{Bedingte Verzweigungen}{section.7}% 36
\BOOKMARK [1][-]{section.8}{Verwendung des Compilers}{}% 37
\BOOKMARK [1][-]{section.9}{Anhang}{}% 38
\BOOKMARK [2][-]{subsection.9.1}{Quellenangaben}{section.9}% 39
\BOOKMARK [2][-]{subsection.9.2}{Quellcode des Compiler\(?\)}{section.9}% 40
